

============================== 2022-11-07 08:17:27.704769 | 2c8f0608-a768-4c3c-bad0-8625bf55acc0 ==============================
[0m08:17:27.704783 [info ] [MainThread]: Running with dbt=1.3.0
[0m08:17:27.705653 [debug] [MainThread]: running dbt with arguments {'write_json': True, 'use_colors': True, 'printer_width': 80, 'version_check': True, 'partial_parse': True, 'static_parser': True, 'profiles_dir': '/home/vscode/.dbt', 'send_anonymous_usage_stats': True, 'event_buffer_size': 100000, 'quiet': False, 'no_print': False, 'project_name': 'demo-dbt-project', 'skip_profile_setup': False, 'which': 'init', 'indirect_selection': 'eager'}
[0m08:17:27.705948 [debug] [MainThread]: Tracking: tracking
[0m08:17:27.713252 [debug] [MainThread]: Sending event: {'category': 'dbt', 'action': 'invocation', 'label': 'start', 'context': [<snowplow_tracker.self_describing_json.SelfDescribingJson object at 0x7f8d4c2abfa0>, <snowplow_tracker.self_describing_json.SelfDescribingJson object at 0x7f8d4c2abe50>, <snowplow_tracker.self_describing_json.SelfDescribingJson object at 0x7f8d4c2abf40>]}
[0m08:17:27.714055 [info ] [MainThread]: Creating dbt configuration folder at /home/vscode/.dbt
[0m08:18:28.494125 [debug] [MainThread]: Starter project path: /usr/local/python/3.9.15/lib/python3.9/site-packages/dbt/include/starter_project


============================== 2022-11-07 08:23:47.807753 | 83bf01e2-b8c2-4025-b6d9-df061743d453 ==============================
[0m08:23:47.807764 [info ] [MainThread]: Running with dbt=1.3.0
[0m08:23:47.808714 [debug] [MainThread]: running dbt with arguments {'write_json': True, 'use_colors': True, 'printer_width': 80, 'version_check': True, 'partial_parse': True, 'static_parser': True, 'profiles_dir': '/home/vscode/.dbt', 'send_anonymous_usage_stats': True, 'event_buffer_size': 100000, 'quiet': False, 'no_print': False, 'skip_profile_setup': False, 'which': 'init', 'indirect_selection': 'eager'}
[0m08:23:47.808999 [debug] [MainThread]: Tracking: tracking
[0m08:23:47.818295 [debug] [MainThread]: Sending event: {'category': 'dbt', 'action': 'invocation', 'label': 'start', 'context': [<snowplow_tracker.self_describing_json.SelfDescribingJson object at 0x7f9cfe8af0d0>, <snowplow_tracker.self_describing_json.SelfDescribingJson object at 0x7f9cfe8abe80>, <snowplow_tracker.self_describing_json.SelfDescribingJson object at 0x7f9cfe8abf70>]}
[0m08:24:18.725310 [debug] [MainThread]: Starter project path: /usr/local/python/3.9.15/lib/python3.9/site-packages/dbt/include/starter_project
[0m08:25:21.167648 [info ] [MainThread]: Profile coffe_shop_leonwichette written to /home/vscode/.dbt/profiles.yml using target's profile_template.yml and your supplied values. Run 'dbt debug' to validate the connection.
[0m08:25:21.168280 [info ] [MainThread]: 
Your new dbt project "coffe_shop_leonwichette" was created!

For more information on how to configure the profiles.yml file,
please consult the dbt documentation here:

  https://docs.getdbt.com/docs/configure-your-profile

One more thing:

Need help? Don't hesitate to reach out to us via GitHub issues or on Slack:

  https://community.getdbt.com/

Happy modeling!

[0m08:25:21.168955 [debug] [MainThread]: Sending event: {'category': 'dbt', 'action': 'invocation', 'label': 'end', 'context': [<snowplow_tracker.self_describing_json.SelfDescribingJson object at 0x7f9cfc993ac0>, <snowplow_tracker.self_describing_json.SelfDescribingJson object at 0x7f9cfc993a90>, <snowplow_tracker.self_describing_json.SelfDescribingJson object at 0x7f9cfc993cd0>]}
[0m08:25:21.169306 [debug] [MainThread]: Flushing usage events


============================== 2022-11-11 15:01:17.803476 | ad09754c-0f87-407b-8138-b382671c977a ==============================
[0m15:01:17.803496 [info ] [MainThread]: Running with dbt=1.3.0
[0m15:01:17.807423 [debug] [MainThread]: running dbt with arguments {'write_json': True, 'use_colors': True, 'printer_width': 80, 'version_check': True, 'partial_parse': True, 'static_parser': True, 'profiles_dir': '/home/vscode/.dbt', 'send_anonymous_usage_stats': True, 'event_buffer_size': 100000, 'quiet': False, 'no_print': False, 'skip_profile_setup': False, 'which': 'init', 'indirect_selection': 'eager'}
[0m15:01:17.807805 [debug] [MainThread]: Tracking: tracking
[0m15:01:17.817460 [debug] [MainThread]: Sending event: {'category': 'dbt', 'action': 'invocation', 'label': 'start', 'context': [<snowplow_tracker.self_describing_json.SelfDescribingJson object at 0x7fd867e6f130>, <snowplow_tracker.self_describing_json.SelfDescribingJson object at 0x7fd867e6f040>, <snowplow_tracker.self_describing_json.SelfDescribingJson object at 0x7fd867e6f070>]}
[0m15:01:35.945142 [debug] [MainThread]: Starter project path: /usr/local/python/3.9.15/lib/python3.9/site-packages/dbt/include/starter_project
[0m15:03:41.242234 [info ] [MainThread]: Profile advanced_sql written to /home/vscode/.dbt/profiles.yml using target's profile_template.yml and your supplied values. Run 'dbt debug' to validate the connection.
[0m15:03:41.242933 [info ] [MainThread]: 
Your new dbt project "advanced_sql" was created!

For more information on how to configure the profiles.yml file,
please consult the dbt documentation here:

  https://docs.getdbt.com/docs/configure-your-profile

One more thing:

Need help? Don't hesitate to reach out to us via GitHub issues or on Slack:

  https://community.getdbt.com/

Happy modeling!

[0m15:03:41.243998 [debug] [MainThread]: Sending event: {'category': 'dbt', 'action': 'invocation', 'label': 'end', 'context': [<snowplow_tracker.self_describing_json.SelfDescribingJson object at 0x7fd867e6fe80>, <snowplow_tracker.self_describing_json.SelfDescribingJson object at 0x7fd867e6f100>, <snowplow_tracker.self_describing_json.SelfDescribingJson object at 0x7fd867e6f130>]}
[0m15:03:41.244895 [debug] [MainThread]: Flushing usage events


============================== 2022-11-21 15:12:39.414461 | 5a2fe10f-95fd-4fc7-9a5a-435cd36bdaf3 ==============================
[0m15:12:39.414473 [info ] [MainThread]: Running with dbt=1.3.0
[0m15:12:39.419968 [debug] [MainThread]: running dbt with arguments {'write_json': True, 'use_colors': True, 'printer_width': 80, 'version_check': True, 'partial_parse': True, 'static_parser': True, 'profiles_dir': '/home/vscode/.dbt', 'send_anonymous_usage_stats': True, 'event_buffer_size': 100000, 'quiet': False, 'no_print': False, 'skip_profile_setup': False, 'which': 'init', 'indirect_selection': 'eager'}
[0m15:12:39.420227 [debug] [MainThread]: Tracking: tracking
[0m15:12:39.424528 [debug] [MainThread]: Sending event: {'category': 'dbt', 'action': 'invocation', 'label': 'start', 'context': [<snowplow_tracker.self_describing_json.SelfDescribingJson object at 0x7fac3da6b520>, <snowplow_tracker.self_describing_json.SelfDescribingJson object at 0x7fac3da6b280>, <snowplow_tracker.self_describing_json.SelfDescribingJson object at 0x7fac3da6b4f0>]}
[0m15:12:54.749271 [debug] [MainThread]: Starter project path: /usr/local/python/3.9.15/lib/python3.9/site-packages/dbt/include/starter_project
